<?xml version="1.0" encoding="UTF-8"?>
<!-- Generated by org.testng.reporters.JUnitReportReporter -->
<testsuite hostname="LAPTOP-DGPGCKC7" failures="0" tests="1" name="TC001_GET_Request" time="1.983" errors="0" timestamp="2022-11-19T14:37:09 IST" skipped="0">
  <testcase classname="TC001_GET_Request" name="getWeatherReport" time="1.983"/>
  <system-out/>
</testsuite> <!-- TC001_GET_Request -->
