<?xml version="1.0" encoding="UTF-8"?>
<!-- Generated by org.testng.reporters.JUnitReportReporter -->
<testsuite hostname="LAPTOP-DGPGCKC7" failures="0" tests="1" name="TC003_GET_request" time="1.756" errors="0" timestamp="2022-11-19T23:23:01 IST" skipped="0">
  <testcase classname="TC003_GET_request" name="googleMapTest" time="1.756"/>
  <system-out/>
</testsuite> <!-- TC003_GET_request -->
